<?xml version="1.0" encoding="UTF-8"?>
<testng-results ignored="0" total="2" passed="2" failed="0" skipped="0">
  <reporter-output>
  </reporter-output>
  <suite started-at="2021-10-12T20:34:43 GMT+08:00" name="Default Suite" finished-at="2021-10-12T20:34:55 GMT+08:00" duration-ms="12472">
    <groups>
    </groups>
    <test started-at="2021-10-12T20:34:43 GMT+08:00" name="07-02-PageObjectPattern-Maven" finished-at="2021-10-12T20:34:55 GMT+08:00" duration-ms="12472">
      <class name="Form">
        <test-method is-config="true" signature="setup()[pri:0, instance:Form@543588e6]" started-at="2021-10-12T20:34:43 GMT+08:00" name="setup" finished-at="2021-10-12T20:34:46 GMT+08:00" duration-ms="2712" status="PASS">
          <reporter-output>
          </reporter-output>
        </test-method> <!-- setup -->
        <test-method signature="testOne()[pri:0, instance:Form@543588e6]" started-at="2021-10-12T20:34:46 GMT+08:00" name="testOne" finished-at="2021-10-12T20:34:55 GMT+08:00" duration-ms="8905" status="PASS">
          <reporter-output>
          </reporter-output>
        </test-method> <!-- testOne -->
        <test-method signature="testTwo()[pri:0, instance:Form@543588e6]" started-at="2021-10-12T20:34:55 GMT+08:00" name="testTwo" finished-at="2021-10-12T20:34:55 GMT+08:00" duration-ms="1" status="PASS">
          <reporter-output>
          </reporter-output>
        </test-method> <!-- testTwo -->
        <test-method is-config="true" signature="teardown()[pri:0, instance:Form@543588e6]" started-at="2021-10-12T20:34:55 GMT+08:00" name="teardown" finished-at="2021-10-12T20:34:55 GMT+08:00" duration-ms="784" status="PASS">
          <reporter-output>
          </reporter-output>
        </test-method> <!-- teardown -->
      </class> <!-- Form -->
    </test> <!-- 07-02-PageObjectPattern-Maven -->
  </suite> <!-- Default Suite -->
</testng-results>
