<?xml version="1.0" encoding="UTF-8"?>
<testng-results ignored="0" total="1" passed="1" failed="0" skipped="0">
  <reporter-output>
  </reporter-output>
  <suite started-at="2021-10-15T14:00:56 GMT+08:00" name="Default Suite" finished-at="2021-10-15T14:01:13 GMT+08:00" duration-ms="16825">
    <groups>
    </groups>
    <test started-at="2021-10-15T14:00:56 GMT+08:00" name="07-05-DDT-Excel" finished-at="2021-10-15T14:01:13 GMT+08:00" duration-ms="16825">
      <class name="Form">
        <test-method is-config="true" signature="setup()[pri:0, instance:Form@68c9133c]" started-at="2021-10-15T14:00:56 GMT+08:00" name="setup" finished-at="2021-10-15T14:00:59 GMT+08:00" duration-ms="2663" status="PASS">
          <reporter-output>
          </reporter-output>
        </test-method> <!-- setup -->
        <test-method signature="testOne()[pri:0, instance:Form@68c9133c]" started-at="2021-10-15T14:00:59 GMT+08:00" name="testOne" finished-at="2021-10-15T14:01:12 GMT+08:00" duration-ms="12703" status="PASS">
          <reporter-output>
          </reporter-output>
        </test-method> <!-- testOne -->
        <test-method is-config="true" signature="teardown()[pri:0, instance:Form@68c9133c]" started-at="2021-10-15T14:01:12 GMT+08:00" name="teardown" finished-at="2021-10-15T14:01:13 GMT+08:00" duration-ms="1410" status="PASS">
          <reporter-output>
          </reporter-output>
        </test-method> <!-- teardown -->
      </class> <!-- Form -->
    </test> <!-- 07-05-DDT-Excel -->
  </suite> <!-- Default Suite -->
</testng-results>
