<?xml version="1.0" encoding="UTF-8"?>
<testng-results skipped="0" failed="0" ignored="0" total="1" passed="1">
  <reporter-output>
  </reporter-output>
  <suite name="Default Suite" duration-ms="114" started-at="2021-10-12T19:00:37 GMT+08:00" finished-at="2021-10-12T19:00:37 GMT+08:00">
    <groups>
    </groups>
    <test name="01-01-TestNG_Maven" duration-ms="114" started-at="2021-10-12T19:00:37 GMT+08:00" finished-at="2021-10-12T19:00:37 GMT+08:00">
      <class name="TestCases">
        <test-method status="PASS" signature="Test1()[pri:0, instance:TestCases@1593948d]" name="Test1" duration-ms="19" started-at="2021-10-12T19:00:37 GMT+08:00" finished-at="2021-10-12T19:00:37 GMT+08:00">
          <reporter-output>
          </reporter-output>
        </test-method> <!-- Test1 -->
      </class> <!-- TestCases -->
    </test> <!-- 01-01-TestNG_Maven -->
  </suite> <!-- Default Suite -->
</testng-results>
