<?xml version="1.0" encoding="UTF-8"?>
<!-- Generated by org.testng.reporters.JUnitXMLReporter -->
<testsuite ignored="0" hostname="LAPTOP-N2JA4NOG" failures="1" tests="3" name="07-03- GenReport" time="13.161" errors="0" timestamp="2021-10-13T18:19:56 GMT+08:00">
  <testcase classname="Form" name="testOne" time="3.574"/>
  <testcase classname="Form" name="testThree" time="0.004">
    <failure type="java.lang.AssertionError" message="expected [true] but found [false]">
      <![CDATA[java.lang.AssertionError: expected [true] but found [false]
at Form.testThree(Form.java:68)
at java.base/java.util.ArrayList.forEach(ArrayList.java:1540)
at com.intellij.rt.testng.IDEARemoteTestNG.run(IDEARemoteTestNG.java:66)
at com.intellij.rt.testng.RemoteTestNGStarter.main(RemoteTestNGStarter.java:109)
... Removed 28 stack frames]]>
    </failure>
  </testcase> <!-- testThree -->
  <testcase classname="Form" name="testTwo" time="0.0"/>
</testsuite> <!-- 07-03- GenReport -->
